<?xml version="1.0" encoding="UTF-8"?>
<!-- Generated by org.testng.reporters.JUnitReportReporter -->
<testsuite hostname="EPINHYDW10D8" failures="0" tests="1" name="rev.project.runners.HomePageRunner" time="6.010" errors="0" timestamp="2024-12-05T15:01:59 IST" skipped="0">
  <testcase classname="rev.project.runners.HomePageRunner" name="runScenario" time="6.010"/>
</testsuite> <!-- rev.project.runners.HomePageRunner -->
